<?xml version="1.0" encoding="UTF-8"?>
<testsuites name="New Test Suite" time="57.974" tests="3" failures="0" errors="0">
   <testsuite name="New Test Suite" tests="3" failures="0" errors="0" time="57.974" skipped="0" timestamp="2023-03-25 21:30:36" hostname="Ferdi - DESKTOP-HN2O22A" id="Test Suites/New Test Suite">
      <properties>
         <property name="deviceName" value=""/>
         <property name="devicePlatform" value=""/>
         <property name="logFolder" value="C:\\Users\\Ferdi\\Katalon Studio\\cinemaxxi\\cinema-xxi-testing\\Reports\\20230325_213012\\New Test Suite\\20230325_213012"/>
         <property name="logFiles" value="C:\\Users\\Ferdi\\Katalon Studio\\cinemaxxi\\cinema-xxi-testing\\Reports\\20230325_213012\\New Test Suite\\20230325_213012\\execution0.log"/>
         <property name="attachments" value=""/>
         <property name="hostName" value="Ferdi - DESKTOP-HN2O22A"/>
         <property name="os" value="Windows 10 64bit"/>
         <property name="katalonVersion" value="8.4.1.208"/>
         <property name="browser" value="Chrome 111.0.0.0"/>
         <property name="hostAddress" value="192.168.0.191"/>
         <property name="sessionId" value="517d706570558dbfff41fa2af78a3be3"/>
         <property name="seleniumVersion" value="3.141.59"/>
         <property name="proxyInformation" value="ProxyInformation { proxyOption=NO_PROXY, proxyServerType=HTTP, username=, password=********, proxyServerAddress=, proxyServerPort=0, executionList=&quot;&quot;, isApplyToDesiredCapabilities=true }"/>
         <property name="platform" value="Windows 10"/>
      </properties>
      <testcase name="Test Cases/Play trailer random movie" time="27.837" classname="Test Cases/Play trailer random movie" status="PASSED">
         <system-out><![CDATA[2023-03-25 21:30:36 - [TEST_CASE][PASSED] - Test Cases/Play trailer random movie: Test Cases/Play trailer random movie

2023-03-25 21:30:36 - [TEST_STEP][PASSED] - openBrowser(""): Browser is opened with url: ''

2023-03-25 21:30:37 - [MESSAGE][INFO] - Starting 'Chrome' driver

2023-03-25 21:30:37 - [MESSAGE][INFO] - Action delay is set to 0 milliseconds

2023-03-25 21:30:38 - [MESSAGE][PASSED] - Browser is opened with url: ''

2023-03-25 21:30:38 - [TEST_STEP][PASSED] - navigateToUrl("https://m.21cineplex.com/"): Navigate to 'https://m.21cineplex.com/' successfully

2023-03-25 21:30:41 - [MESSAGE][PASSED] - Navigate to 'https://m.21cineplex.com/' successfully

2023-03-25 21:30:41 - [TEST_STEP][PASSED] - click(findTestObject("Object Repository/Page_M-Tix, Cinema XXI, Cinema 21, 21 Cineplex/img_D17_23JWX2")): Object: 'Object Repository/Page_M-Tix, Cinema XXI, Cinema 21, 21 Cineplex/img_D17_23JWX2' is clicked on

2023-03-25 21:30:42 - [MESSAGE][PASSED] - Object: 'Object Repository/Page_M-Tix, Cinema XXI, Cinema 21, 21 Cineplex/img_D17_23JWX2' is clicked on

2023-03-25 21:30:42 - [TEST_STEP][PASSED] - click(findTestObject("Object Repository/Page_M-Tix, Cinema XXI, Cinema 21, 21 Cineplex/button_TRAILER")): Object: 'Object Repository/Page_M-Tix, Cinema XXI, Cinema 21, 21 Cineplex/button_TRAILER' is clicked on

2023-03-25 21:30:43 - [MESSAGE][PASSED] - Object: 'Object Repository/Page_M-Tix, Cinema XXI, Cinema 21, 21 Cineplex/button_TRAILER' is clicked on

2023-03-25 21:30:43 - [TEST_STEP][PASSED] - delay(20): Delayed 20 second(s)

2023-03-25 21:31:03 - [MESSAGE][PASSED] - Delayed 20 second(s)

2023-03-25 21:31:03 - [TEST_STEP][PASSED] - closeBrowser(): Browser is closed

2023-03-25 21:31:04 - [MESSAGE][PASSED] - Browser is closed]]></system-out>
         <system-err><![CDATA[]]></system-err>
      </testcase>
      <testcase name="Test Cases/play trailer upcoming movie" time="12.912" classname="Test Cases/play trailer upcoming movie" status="PASSED">
         <system-out><![CDATA[2023-03-25 21:31:04 - [TEST_CASE][PASSED] - Test Cases/play trailer upcoming movie: Test Cases/play trailer upcoming movie

2023-03-25 21:31:04 - [TEST_STEP][PASSED] - openBrowser(""): Browser is opened with url: ''

2023-03-25 21:31:04 - [MESSAGE][INFO] - Starting 'Chrome' driver

2023-03-25 21:31:04 - [MESSAGE][INFO] - Action delay is set to 0 milliseconds

2023-03-25 21:31:05 - [MESSAGE][PASSED] - Browser is opened with url: ''

2023-03-25 21:31:05 - [TEST_STEP][PASSED] - navigateToUrl("https://m.21cineplex.com/"): Navigate to 'https://m.21cineplex.com/' successfully

2023-03-25 21:31:08 - [MESSAGE][PASSED] - Navigate to 'https://m.21cineplex.com/' successfully

2023-03-25 21:31:08 - [TEST_STEP][PASSED] - click(findTestObject("Page_M-Tix, Cinema XXI, Cinema 21, 21 Cineplex/button_Close_navbar-toggle")): Object: 'Object Repository/Page_M-Tix, Cinema XXI, Cinema 21, 21 Cineplex/button_Close_navbar-toggle' is clicked on

2023-03-25 21:31:09 - [MESSAGE][PASSED] - Object: 'Object Repository/Page_M-Tix, Cinema XXI, Cinema 21, 21 Cineplex/button_Close_navbar-toggle' is clicked on

2023-03-25 21:31:09 - [TEST_STEP][PASSED] - click(findTestObject("Object Repository/Page_M-Tix, Cinema XXI, Cinema 21, 21 Cineplex/a_Up Coming")): Object: 'Object Repository/Page_M-Tix, Cinema XXI, Cinema 21, 21 Cineplex/a_Up Coming' is clicked on

2023-03-25 21:31:10 - [MESSAGE][PASSED] - Object: 'Object Repository/Page_M-Tix, Cinema XXI, Cinema 21, 21 Cineplex/a_Up Coming' is clicked on

2023-03-25 21:31:10 - [TEST_STEP][PASSED] - click(findTestObject("Object Repository/Page_M-Tix, Cinema XXI, Cinema 21, 21 Cineplex/img_SU_13JJUN")): Object: 'Object Repository/Page_M-Tix, Cinema XXI, Cinema 21, 21 Cineplex/img_SU_13JJUN' is clicked on

2023-03-25 21:31:10 - [MESSAGE][PASSED] - Object: 'Object Repository/Page_M-Tix, Cinema XXI, Cinema 21, 21 Cineplex/img_SU_13JJUN' is clicked on

2023-03-25 21:31:10 - [TEST_STEP][PASSED] - click(findTestObject("Page_M-Tix, Cinema XXI, Cinema 21, 21 Cineplex/button_TRAILER (1)")): Object: 'Object Repository/Page_M-Tix, Cinema XXI, Cinema 21, 21 Cineplex/button_TRAILER (1)' is clicked on

2023-03-25 21:31:11 - [MESSAGE][PASSED] - Object: 'Object Repository/Page_M-Tix, Cinema XXI, Cinema 21, 21 Cineplex/button_TRAILER (1)' is clicked on

2023-03-25 21:31:11 - [TEST_STEP][PASSED] - delay(5): Delayed 5 second(s)

2023-03-25 21:31:16 - [MESSAGE][PASSED] - Delayed 5 second(s)

2023-03-25 21:31:16 - [TEST_STEP][PASSED] - closeBrowser(): Browser is closed

2023-03-25 21:31:17 - [MESSAGE][PASSED] - Browser is closed]]></system-out>
         <system-err><![CDATA[]]></system-err>
      </testcase>
      <testcase name="Test Cases/see movie in other city" time="16.955" classname="Test Cases/see movie in other city" status="PASSED">
         <system-out><![CDATA[2023-03-25 21:31:17 - [TEST_CASE][PASSED] - Test Cases/see movie in other city: Test Cases/see movie in other city

2023-03-25 21:31:17 - [TEST_STEP][PASSED] - openBrowser(""): Browser is opened with url: ''

2023-03-25 21:31:17 - [MESSAGE][INFO] - Starting 'Chrome' driver

2023-03-25 21:31:17 - [MESSAGE][INFO] - Action delay is set to 0 milliseconds

2023-03-25 21:31:18 - [MESSAGE][PASSED] - Browser is opened with url: ''

2023-03-25 21:31:18 - [TEST_STEP][PASSED] - navigateToUrl("https://m.21cineplex.com/"): Navigate to 'https://m.21cineplex.com/' successfully

2023-03-25 21:31:20 - [MESSAGE][PASSED] - Navigate to 'https://m.21cineplex.com/' successfully

2023-03-25 21:31:20 - [TEST_STEP][PASSED] - click(findTestObject("Object Repository/Page_M-Tix, Cinema XXI, Cinema 21, 21 Cineplex/button_Close_navbar-toggle")): Object: 'Object Repository/Page_M-Tix, Cinema XXI, Cinema 21, 21 Cineplex/button_Close_navbar-toggle' is clicked on

2023-03-25 21:31:20 - [MESSAGE][PASSED] - Object: 'Object Repository/Page_M-Tix, Cinema XXI, Cinema 21, 21 Cineplex/button_Close_navbar-toggle' is clicked on

2023-03-25 21:31:20 - [TEST_STEP][PASSED] - click(findTestObject("Object Repository/Page_M-Tix, Cinema XXI, Cinema 21, 21 Cineplex/a_Playing in - JAKARTA")): Object: 'Object Repository/Page_M-Tix, Cinema XXI, Cinema 21, 21 Cineplex/a_Playing in - JAKARTA' is clicked on

2023-03-25 21:31:21 - [MESSAGE][PASSED] - Object: 'Object Repository/Page_M-Tix, Cinema XXI, Cinema 21, 21 Cineplex/a_Playing in - JAKARTA' is clicked on

2023-03-25 21:31:21 - [TEST_STEP][PASSED] - click(findTestObject("Object Repository/Page_M-Tix, Cinema XXI, Cinema 21, 21 Cineplex/div_YOGYAKARTA")): Object: 'Object Repository/Page_M-Tix, Cinema XXI, Cinema 21, 21 Cineplex/div_YOGYAKARTA' is clicked on

2023-03-25 21:31:22 - [MESSAGE][PASSED] - Object: 'Object Repository/Page_M-Tix, Cinema XXI, Cinema 21, 21 Cineplex/div_YOGYAKARTA' is clicked on

2023-03-25 21:31:22 - [TEST_STEP][PASSED] - click(findTestObject("Object Repository/Page_M-Tix, Cinema XXI, Cinema 21, 21 Cineplex/div_JOGJA CITY XXI")): Object: 'Object Repository/Page_M-Tix, Cinema XXI, Cinema 21, 21 Cineplex/div_JOGJA CITY XXI' is clicked on

2023-03-25 21:31:22 - [MESSAGE][PASSED] - Object: 'Object Repository/Page_M-Tix, Cinema XXI, Cinema 21, 21 Cineplex/div_JOGJA CITY XXI' is clicked on

2023-03-25 21:31:22 - [TEST_STEP][PASSED] - mouseOver(findTestObject("Object Repository/Page_M-Tix, Cinema XXI, Cinema 21, 21 Cineplex/div_25-03-2023Rp 45,0001230 1500 1730 2000 _9ec712")): Object: 'Object Repository/Page_M-Tix, Cinema XXI, Cinema 21, 21 Cineplex/div_25-03-2023Rp 45,0001230 1500 1730 2000 _9ec712' is hovered

2023-03-25 21:31:23 - [MESSAGE][PASSED] - Object: 'Object Repository/Page_M-Tix, Cinema XXI, Cinema 21, 21 Cineplex/div_25-03-2023Rp 45,0001230 1500 1730 2000 _9ec712' is hovered

2023-03-25 21:31:23 - [TEST_STEP][PASSED] - delay(10): Delayed 10 second(s)

2023-03-25 21:31:33 - [MESSAGE][PASSED] - Delayed 10 second(s)

2023-03-25 21:31:33 - [TEST_STEP][PASSED] - closeBrowser(): Browser is closed

2023-03-25 21:31:34 - [MESSAGE][PASSED] - Browser is closed]]></system-out>
         <system-err><![CDATA[]]></system-err>
      </testcase>
      <system-out><![CDATA[2023-03-25 21:30:36 - [TEST_SUITE][PASSED] - New Test Suite: Test Cases/see movie in other city]]></system-out>
      <system-err><![CDATA[]]></system-err>
   </testsuite>
</testsuites>
